<?xml version="1.0" encoding="UTF-8"?>
<!-- Generated by org.testng.reporters.JUnitXMLReporter -->
<testsuite ignored="0" hostname="DESKTOP-OVI5TKU" failures="1" tests="1" name="ChromeTest" time="16.51" errors="0" timestamp="2025-06-01T19:23:04 IST">
  <testcase classname="qa.test.TestCase1" name="methodForEnteringCredentials" time="5.065">
    <failure type="java.lang.AssertionError" message="This test is intentionally failed">
      <![CDATA[java.lang.AssertionError: This test is intentionally failed
at qa.test.TestCase1.methodForEnteringCredentials(TestCase1.java:22)
at java.base/java.util.ArrayList.forEach(ArrayList.java:1596)
... Removed 26 stack frames]]>
    </failure>
  </testcase> <!-- methodForEnteringCredentials -->
</testsuite> <!-- ChromeTest -->
